<?xml version="1.0" encoding="UTF-8"?>
<!-- Generated by org.testng.reporters.JUnitReportReporter -->
<testsuite hostname="DESKTOP-QTV8PIP" failures="0" tests="2" name="testpackage.testclass" time="137.917" errors="0" timestamp="2024-07-08T15:25:46 IST" skipped="0">
  <testcase classname="testpackage.testclass" name="testMethod" time="60.628"/>
  <testcase classname="testpackage.testclass" name="testMethod2" time="77.289"/>
</testsuite> <!-- testpackage.testclass -->
